<?xml version="1.0" encoding="UTF-8"?>
<testsuite xmlns:xsi="http://www.w3.org/2001/XMLSchema-instance" xsi:noNamespaceSchemaLocation="https://maven.apache.org/surefire/maven-surefire-plugin/xsd/surefire-test-report-3.0.xsd" version="3.0" name="de.zeanon.thunderfilemanagertest.utility.basic.TestParser" time="0.082" tests="2" errors="0" skipped="0" failures="0">
  <properties>
    <property name="sun.desktop" value="windows"/>
    <property name="awt.toolkit" value="sun.awt.windows.WToolkit"/>
    <property name="file.encoding.pkg" value="sun.io"/>
    <property name="java.specification.version" value="1.8"/>
    <property name="sun.cpu.isalist" value="amd64"/>
    <property name="sun.jnu.encoding" value="Cp1252"/>
    <property name="java.class.path" value="D:\IntelliJ Projects\StorageManager\ThunderFileManager\target\test-classes;D:\IntelliJ Projects\StorageManager\ThunderFileManager\target\classes;D:\IntelliJ Projects\StorageManager\StorageManagerCore\target\StorageManagerCore.jar;D:\Maven\Repository\org\projectlombok\lombok\1.18.16\lombok-1.18.16.jar;D:\Maven\Repository\org\jetbrains\annotations\17.0.0\annotations-17.0.0.jar;D:\Maven\Repository\org\junit\jupiter\junit-jupiter-engine\5.4.0\junit-jupiter-engine-5.4.0.jar;D:\Maven\Repository\org\apiguardian\apiguardian-api\1.0.0\apiguardian-api-1.0.0.jar;D:\Maven\Repository\org\junit\platform\junit-platform-engine\1.4.0\junit-platform-engine-1.4.0.jar;D:\Maven\Repository\org\opentest4j\opentest4j\1.1.1\opentest4j-1.1.1.jar;D:\Maven\Repository\org\junit\platform\junit-platform-commons\1.4.0\junit-platform-commons-1.4.0.jar;D:\Maven\Repository\org\junit\jupiter\junit-jupiter-api\5.4.0\junit-jupiter-api-5.4.0.jar;"/>
    <property name="java.vm.vendor" value="Oracle Corporation"/>
    <property name="sun.arch.data.model" value="64"/>
    <property name="user.variant" value=""/>
    <property name="java.vendor.url" value="http://java.oracle.com/"/>
    <property name="user.timezone" value="Europe/Berlin"/>
    <property name="java.vm.specification.version" value="1.8"/>
    <property name="os.name" value="Windows 10"/>
    <property name="user.country" value="DE"/>
    <property name="sun.java.launcher" value="SUN_STANDARD"/>
    <property name="sun.boot.library.path" value="C:\Program Files\Java\jdk1.8.0_191 DCEVM\jre\bin"/>
    <property name="sun.java.command" value="C:\Users\Vinzenz\AppData\Local\Temp\surefire4293122216366876486\surefirebooter2072952765628146333.jar C:\Users\Vinzenz\AppData\Local\Temp\surefire4293122216366876486 2021-02-06T21-16-34_620-jvmRun1 surefire5634421715624748325tmp surefire_19045999161319113441tmp"/>
    <property name="maven.copy.testutils" value="true"/>
    <property name="surefire.test.class.path" value="D:\IntelliJ Projects\StorageManager\ThunderFileManager\target\test-classes;D:\IntelliJ Projects\StorageManager\ThunderFileManager\target\classes;D:\IntelliJ Projects\StorageManager\StorageManagerCore\target\StorageManagerCore.jar;D:\Maven\Repository\org\projectlombok\lombok\1.18.16\lombok-1.18.16.jar;D:\Maven\Repository\org\jetbrains\annotations\17.0.0\annotations-17.0.0.jar;D:\Maven\Repository\org\junit\jupiter\junit-jupiter-engine\5.4.0\junit-jupiter-engine-5.4.0.jar;D:\Maven\Repository\org\apiguardian\apiguardian-api\1.0.0\apiguardian-api-1.0.0.jar;D:\Maven\Repository\org\junit\platform\junit-platform-engine\1.4.0\junit-platform-engine-1.4.0.jar;D:\Maven\Repository\org\opentest4j\opentest4j\1.1.1\opentest4j-1.1.1.jar;D:\Maven\Repository\org\junit\platform\junit-platform-commons\1.4.0\junit-platform-commons-1.4.0.jar;D:\Maven\Repository\org\junit\jupiter\junit-jupiter-api\5.4.0\junit-jupiter-api-5.4.0.jar;"/>
    <property name="sun.cpu.endian" value="little"/>
    <property name="user.home" value="C:\Users\Vinzenz"/>
    <property name="user.language" value="de"/>
    <property name="java.specification.vendor" value="Oracle Corporation"/>
    <property name="java.home" value="C:\Program Files\Java\jdk1.8.0_191 DCEVM\jre"/>
    <property name="basedir" value="D:\IntelliJ Projects\StorageManager\ThunderFileManager"/>
    <property name="file.separator" value="\"/>
    <property name="line.separator" value="&#10;"/>
    <property name="java.vm.specification.vendor" value="Oracle Corporation"/>
    <property name="java.specification.name" value="Java Platform API Specification"/>
    <property name="java.awt.graphicsenv" value="sun.awt.Win32GraphicsEnvironment"/>
    <property name="surefire.real.class.path" value="C:\Users\Vinzenz\AppData\Local\Temp\surefire4293122216366876486\surefirebooter2072952765628146333.jar"/>
    <property name="maven.copy.schemmanager" value="true"/>
    <property name="sun.boot.class.path" value="C:\Program Files\Java\jdk1.8.0_191 DCEVM\jre\lib\resources.jar;C:\Program Files\Java\jdk1.8.0_191 DCEVM\jre\lib\rt.jar;C:\Program Files\Java\jdk1.8.0_191 DCEVM\jre\lib\sunrsasign.jar;C:\Program Files\Java\jdk1.8.0_191 DCEVM\jre\lib\jsse.jar;C:\Program Files\Java\jdk1.8.0_191 DCEVM\jre\lib\jce.jar;C:\Program Files\Java\jdk1.8.0_191 DCEVM\jre\lib\charsets.jar;C:\Program Files\Java\jdk1.8.0_191 DCEVM\jre\lib\jfr.jar;C:\Program Files\Java\jdk1.8.0_191 DCEVM\jre\classes"/>
    <property name="user.script" value=""/>
    <property name="sun.management.compiler" value="HotSpot 64-Bit Tiered Compilers"/>
    <property name="java.runtime.version" value="1.8.0_191-b12"/>
    <property name="user.name" value="Vinzenz"/>
    <property name="path.separator" value=";"/>
    <property name="os.version" value="10.0"/>
    <property name="java.endorsed.dirs" value="C:\Program Files\Java\jdk1.8.0_191 DCEVM\jre\lib\endorsed"/>
    <property name="java.runtime.name" value="Java(TM) SE Runtime Environment"/>
    <property name="file.encoding" value="Cp1252"/>
    <property name="java.vm.name" value="Dynamic Code Evolution 64-Bit Server VM"/>
    <property name="localRepository" value="D:\Maven\Repository"/>
    <property name="java.vendor.url.bug" value="http://bugreport.sun.com/bugreport/"/>
    <property name="java.io.tmpdir" value="C:\Users\Vinzenz\AppData\Local\Temp\"/>
    <property name="idea.version" value="2020.2.3"/>
    <property name="java.version" value="1.8.0_191"/>
    <property name="user.dir" value="D:\IntelliJ Projects\StorageManager\ThunderFileManager"/>
    <property name="os.arch" value="amd64"/>
    <property name="java.vm.specification.name" value="Java Virtual Machine Specification"/>
    <property name="java.awt.printerjob" value="sun.awt.windows.WPrinterJob"/>
    <property name="sun.os.patch.level" value=""/>
    <property name="java.library.path" value="C:\Program Files\Java\jdk1.8.0_191 DCEVM\jre\bin;C:\WINDOWS\Sun\Java\bin;C:\WINDOWS\system32;C:\WINDOWS;C:\Program Files (x86)\Common Files\Oracle\Java\javapath;C:\Program Files\Java\jdk-15.0.1\bin;C:\Program Files (x86)\Razer Chroma SDK\bin;C:\Program Files\Razer Chroma SDK\bin;C:\Program Files (x86)\Razer\ChromaBroadcast\bin;C:\Program Files\Razer\ChromaBroadcast\bin;c:\program files (x86)\razer\chromabroadcast\bin;c:\program files\razer\chromabroadcast\bin;c:\program files (x86)\razer chroma sdk\bin;c:\program files\razer chroma sdk\bin;c:\windows\system32;c:\windows;c:\windows\system32\wbem;c:\windows\system32\windowspowershell\v1.0\;c:\windows\system32\openssh\;d:\putty\;c:\windows\system32;c:\windows;c:\windows\system32\wbem;c:\windows\system32\windowspowershell\v1.0\;c:\windows\system32\openssh\;c:\android;c:\users\admin\appdata\local\microsoft\windowsapps;d:\winscp\;c:\program files\dotnet\;C:\Program Files (x86)\NVIDIA Corporation\PhysX\Common;C:\WINDOWS\system32\config\systemprofile\AppData\Local\Microsoft\WindowsApps;C:\Users\Admin\AppData\Local\Microsoft\WindowsApps;C:\Program Files (x86)\nodejs\;C:\Users\Vinzenz\AppData\Local\Microsoft\WindowsApps;C:\Users\Vinzenz\AppData\Local\GitHubDesktop\bin;C:\Users\Vinzenz\AppData\Local\Microsoft\WindowsApps;D:\Git\Git\cmd;D:\GitHub CLI\;D:\VS Code\Microsoft VS Code\bin;;."/>
    <property name="java.vm.info" value="mixed mode"/>
    <property name="java.vendor" value="Oracle Corporation"/>
    <property name="java.vm.version" value="25.71-b01-dcevmlight-26"/>
    <property name="java.ext.dirs" value="C:\Program Files\Java\jdk1.8.0_191 DCEVM\jre\lib\ext;C:\WINDOWS\Sun\Java\lib\ext"/>
    <property name="sun.io.unicode.encoding" value="UnicodeLittle"/>
    <property name="maven.repo.local" value="D:\Maven\Repository"/>
    <property name="java.class.version" value="52.0"/>
  </properties>
  <testcase name="testResource1" classname="de.zeanon.thunderfilemanagertest.utility.basic.TestParser" time="0.055"/>
  <testcase name="testResource2" classname="de.zeanon.thunderfilemanagertest.utility.basic.TestParser" time="0.02"/>
</testsuite>